<?xml version="1.0" encoding="UTF-8"?>
<testng-results ignored="0" total="1" passed="1" failed="0" skipped="0">
  <reporter-output>
  </reporter-output>
  <suite started-at="2024-09-17T19:01:34 IST" name="Suite" finished-at="2024-09-17T19:01:41 IST" duration-ms="7646">
    <groups>
      <group name="cucumber">
        <method signature="AbstractTestNGCucumberTests.runScenario(io.cucumber.testng.PickleWrapper,io.cucumber.testng.FeatureWrapper)[pri:0, instance:com.runner.runnerClass$RunnerClass@35dab4eb]" name="runScenario" class="io.cucumber.testng.AbstractTestNGCucumberTests"/>
      </group> <!-- cucumber -->
    </groups>
    <test started-at="2024-09-17T19:01:34 IST" name="Test" finished-at="2024-09-17T19:01:41 IST" duration-ms="7646">
      <class name="com.runner.runnerClass$RunnerClass">
        <test-method is-config="true" signature="setUpClass(org.testng.ITestContext)[pri:0, instance:com.runner.runnerClass$RunnerClass@35dab4eb]" started-at="2024-09-17T19:01:34 IST" name="setUpClass" finished-at="2024-09-17T19:01:34 IST" duration-ms="274" status="PASS">
          <params>
            <param index="0">
              <value>
                <![CDATA[org.testng.TestRunner@517a2b0]]>
              </value>
            </param>
          </params>
          <reporter-output>
          </reporter-output>
        </test-method> <!-- setUpClass -->
        <test-method signature="runScenario(io.cucumber.testng.PickleWrapper,io.cucumber.testng.FeatureWrapper)[pri:0, instance:com.runner.runnerClass$RunnerClass@35dab4eb]" started-at="2024-09-17T19:01:34 IST" name="runScenario" description="Runs Cucumber Scenarios" data-provider="scenarios" finished-at="2024-09-17T19:01:41 IST" duration-ms="7325" status="PASS">
          <params>
            <param index="0">
              <value>
                <![CDATA["Successful Login with Valid Credentials"]]>
              </value>
            </param>
            <param index="1">
              <value>
                <![CDATA["Test"]]>
              </value>
            </param>
          </params>
          <reporter-output>
          </reporter-output>
        </test-method> <!-- runScenario -->
        <test-method is-config="true" signature="tearDownClass()[pri:0, instance:com.runner.runnerClass$RunnerClass@35dab4eb]" started-at="2024-09-17T19:01:41 IST" name="tearDownClass" finished-at="2024-09-17T19:01:41 IST" duration-ms="11" status="PASS">
          <reporter-output>
          </reporter-output>
        </test-method> <!-- tearDownClass -->
      </class> <!-- com.runner.runnerClass$RunnerClass -->
    </test> <!-- Test -->
  </suite> <!-- Suite -->
</testng-results>
