<?xml version="1.0" encoding="UTF-8"?>
<!-- Generated by org.testng.reporters.JUnitReportReporter -->
<testsuite hostname="LP2-AP-52100881" failures="1" tests="1" name="com.runner.rerunnerClass$RerunnerClass" time="11.753" errors="0" timestamp="2024-09-17T16:50:19 IST" skipped="0">
  <testcase classname="com.runner.rerunnerClass$RerunnerClass" name="runScenario" time="11.753">
    <failure message="Able to land on Intelli HomePage expected [true] but found [false]" type="java.lang.AssertionError">
      <![CDATA[java.lang.AssertionError: Able to land on Intelli HomePage expected [true] but found [false]
at org.testng.Assert.fail(Assert.java:111)
at org.testng.Assert.failNotEquals(Assert.java:1578)
at org.testng.Assert.assertTrue(Assert.java:57)
at com.pageclasses.loginPage.homePageIntelliValidation(loginPage.java:43)
at com.stepdef.loginStepdef.loginHomePageValidation(loginStepdef.java:39)
at ✽.Validate the Login Page(file:///C:/testing_RTP/my-app/src/test/resources/features/Featurefile.feature:6)
]]>
    </failure>
  </testcase> <!-- runScenario -->
</testsuite> <!-- com.runner.rerunnerClass$RerunnerClass -->
